c:\c++\inventory\inventory\debug\vc142.pdb
c:\c++\inventory\inventory\debug\vc142.idb
c:\c++\inventory\inventory\debug\itemmanager.obj
c:\c++\inventory\inventory\debug\itemfunction.obj
c:\c++\inventory\inventory\debug\item.obj
c:\c++\inventory\inventory\debug\main.obj
c:\c++\inventory\inventory\debug\inventory.obj
c:\c++\inventory\debug\inventory.pdb
c:\c++\inventory\inventory\debug\inventory.tlog\cl.command.1.tlog
c:\c++\inventory\inventory\debug\inventory.tlog\cl.read.1.tlog
c:\c++\inventory\inventory\debug\inventory.tlog\cl.write.1.tlog
c:\c++\inventory\inventory\debug\inventory.tlog\link-cvtres.read.1.tlog
c:\c++\inventory\inventory\debug\inventory.tlog\link-cvtres.write.1.tlog
c:\c++\inventory\inventory\debug\inventory.tlog\link-rc.read.1.tlog
c:\c++\inventory\inventory\debug\inventory.tlog\link-rc.write.1.tlog
c:\c++\inventory\inventory\debug\inventory.tlog\link.15016-cvtres.read.1.tlog
c:\c++\inventory\inventory\debug\inventory.tlog\link.15016-cvtres.write.1.tlog
c:\c++\inventory\inventory\debug\inventory.tlog\link.15016-rc.read.1.tlog
c:\c++\inventory\inventory\debug\inventory.tlog\link.15016-rc.write.1.tlog
c:\c++\inventory\inventory\debug\inventory.tlog\link.15016.read.1.tlog
c:\c++\inventory\inventory\debug\inventory.tlog\link.15016.write.1.tlog
c:\c++\inventory\inventory\debug\inventory.tlog\link.command.1.tlog
c:\c++\inventory\inventory\debug\inventory.tlog\link.read.1.tlog
c:\c++\inventory\inventory\debug\inventory.tlog\link.write.1.tlog
